<?xml version="1.0" encoding="UTF-8"?>
<testsuite xmlns:xsi="http://www.w3.org/2001/XMLSchema-instance" xsi:noNamespaceSchemaLocation="https://maven.apache.org/surefire/maven-surefire-plugin/xsd/surefire-test-report-3.0.xsd" version="3.0" name="no.cantara.kcp.KcpParserTest" time="0.232" tests="9" errors="0" skipped="0" failures="0">
  <properties>
[...]
</properties>
  <testcase name="rejectsInvalidRelationshipType" classname="no.cantara.kcp.KcpParserTest" time="0.11"/>
  <testcase name="parsesValidatedDate" classname="no.cantara.kcp.KcpParserTest" time="0.017"/>
  <testcase name="rejectsUnknownDependsOn" classname="no.cantara.kcp.KcpParserTest" time="0.005"/>
  <testcase name="parsesCompleteManifest" classname="no.cantara.kcp.KcpParserTest" time="0.003"/>
  <testcase name="rejectsInvalidScope" classname="no.cantara.kcp.KcpParserTest" time="0.005"/>
  <testcase name="validatesValidMinimal" classname="no.cantara.kcp.KcpParserTest" time="0.003"/>
  <testcase name="validatesValidComplete" classname="no.cantara.kcp.KcpParserTest" time="0.005"/>
  <testcase name="parsesMinimalManifest" classname="no.cantara.kcp.KcpParserTest" time="0.003"/>
  <testcase name="parsesDependsOn" classname="no.cantara.kcp.KcpParserTest" time="0.004"/>
</testsuite>